<?xml version="1.0" encoding="UTF-8"?>
<!-- Generated by org.testng.reporters.JUnitReportReporter -->
<testsuite skipped="0" hostname="qaplanet23" name="testScripts.Tc5DeleteLoc" tests="1" failures="0" timestamp="04 Sep 2017 04:48:57 GMT" time="42.654" errors="0">
  <testcase name="addlocation" time="42.654" classname="testScripts.Tc5DeleteLoc"/>
</testsuite> <!-- testScripts.Tc5DeleteLoc -->
