<?xml version="1.0" encoding="UTF-8"?>
<!-- Generated by org.testng.reporters.JUnitReportReporter -->
<testsuite skipped="0" hostname="qaplanet23" name="testScripts.Tc1Login" tests="1" failures="0" timestamp="02 Sep 2017 05:56:53 GMT" time="10.416" errors="0">
  <testcase name="verifyOrangeHRM" time="10.416" classname="testScripts.Tc1Login"/>
</testsuite> <!-- testScripts.Tc1Login -->
