<?xml version="1.0" encoding="UTF-8"?>
<!-- Generated by org.testng.reporters.JUnitReportReporter -->
<testsuite skipped="0" hostname="qaplanet23" name="testScripts.Tc2addEmp" tests="1" failures="0" timestamp="02 Sep 2017 05:57:19 GMT" time="15.243" errors="0">
  <testcase name="AddEmployee" time="15.243" classname="testScripts.Tc2addEmp"/>
</testsuite> <!-- testScripts.Tc2addEmp -->
