<?xml version="1.0" encoding="UTF-8"?>
<!-- Generated by org.testng.reporters.JUnitReportReporter -->
<testsuite skipped="0" hostname="qaplanet23" name="testScripts.Tc4EditLoc" tests="1" failures="0" timestamp="02 Sep 2017 10:02:21 GMT" time="13.599" errors="0">
  <testcase name="addlocation" time="13.599" classname="testScripts.Tc4EditLoc"/>
</testsuite> <!-- testScripts.Tc4EditLoc -->
