<?xml version="1.0" encoding="UTF-8"?>
<!-- Generated by org.testng.reporters.JUnitReportReporter -->
<testsuite skipped="0" hostname="qaplanet23" name="testScripts.Tc2" tests="1" failures="0" timestamp="02 Sep 2017 04:29:07 GMT" time="15.776" errors="0">
  <testcase name="AddEmployee" time="15.776" classname="testScripts.Tc2"/>
</testsuite> <!-- testScripts.Tc2 -->
