<?xml version="1.0" encoding="UTF-8"?>
<!-- Generated by org.testng.reporters.JUnitReportReporter -->
<testsuite skipped="0" hostname="qaplanet23" name="testScripts.Tc7addjobtitle" tests="1" failures="0" timestamp="04 Sep 2017 08:26:28 GMT" time="14.895" errors="0">
  <testcase name="addlocation" time="14.895" classname="testScripts.Tc7addjobtitle"/>
</testsuite> <!-- testScripts.Tc7addjobtitle -->
