<?xml version="1.0" encoding="UTF-8"?>
<!-- Generated by org.testng.reporters.JUnitReportReporter -->
<testsuite skipped="0" hostname="qaplanet23" name="testScripts.Tc3addloc" tests="1" failures="0" timestamp="02 Sep 2017 09:40:43 GMT" time="18.459" errors="0">
  <testcase name="addlocation" time="18.459" classname="testScripts.Tc3addloc"/>
</testsuite> <!-- testScripts.Tc3addloc -->
