<?xml version="1.0" encoding="UTF-8"?>
<!-- Generated by org.testng.reporters.JUnitReportReporter -->
<testsuite skipped="0" hostname="qaplanet23" name="testScripts.Tc8editjobtitle" tests="1" failures="0" timestamp="04 Sep 2017 08:57:30 GMT" time="18.929" errors="0">
  <testcase name="addlocation" time="18.929" classname="testScripts.Tc8editjobtitle"/>
</testsuite> <!-- testScripts.Tc8editjobtitle -->
