<?xml version="1.0" encoding="UTF-8"?>
<!-- Generated by org.testng.reporters.JUnitReportReporter -->
<testsuite hostname="qaplanet23" name="test.tc2" tests="2" failures="0" timestamp="19 Aug 2017 12:45:30 GMT" time="0.016" errors="0">
  <testcase name="main4" time="0.016" classname="test.tc2"/>
  <testcase name="main3" time="0.000" classname="test.tc2"/>
</testsuite> <!-- test.tc2 -->
